<?xml version="1.0" encoding="UTF-8"?>
<Site BuildName="(empty)"
	BuildStamp="20230928-0341-Experimental"
	Name="nuaa-desktop"
	Generator="ctest-3.10.2"
	CompilerName="/usr/bin/clang++"
	CompilerVersion="6.0.0"
	OSName="Linux"
	Hostname="nuaa-desktop"
	OSRelease="4.9.253-tegra"
	OSVersion="#2 SMP PREEMPT Thu Sep 16 13:47:52 CST 2021"
	OSPlatform="aarch64"
	Is64Bits="1"
	VendorString=""
	VendorID="Unknown Manufacturer"
	FamilyID="8"
	ModelID="0"
	ProcessorCacheSize="0"
	NumberOfLogicalCPU="6"
	NumberOfPhysicalCPU="1"
	TotalVirtualMemory="3925"
	TotalPhysicalMemory="7850"
	LogicalProcessorsPerPhysical="6"
	ProcessorClockFrequency="0"
	>
	<Testing>
		<StartDateTime>Sep 28 11:41 CST</StartDateTime>
		<StartTestTime>1695872472</StartTestTime>
		<TestList/>
		<EndDateTime>Sep 28 11:41 CST</EndDateTime>
		<EndTestTime>1695872472</EndTestTime>
		<ElapsedMinutes>0</ElapsedMinutes>
	</Testing>
</Site>
