<?xml version="1.0" encoding="UTF-8"?>
<Site BuildName="(empty)"
	BuildStamp="20231009-1234-Experimental"
	Name="nuaa-desktop"
	Generator="ctest-3.10.2"
	CompilerName="/usr/bin/clang++"
	CompilerVersion="6.0.0"
	OSName="Linux"
	Hostname="nuaa-desktop"
	OSRelease="4.9.253-tegra"
	OSVersion="#2 SMP PREEMPT Thu Sep 16 13:47:52 CST 2021"
	OSPlatform="aarch64"
	Is64Bits="1"
	VendorString=""
	VendorID="Unknown Manufacturer"
	FamilyID="8"
	ModelID="0"
	ProcessorCacheSize="0"
	NumberOfLogicalCPU="6"
	NumberOfPhysicalCPU="1"
	TotalVirtualMemory="3929"
	TotalPhysicalMemory="7858"
	LogicalProcessorsPerPhysical="6"
	ProcessorClockFrequency="0"
	>
	<Testing>
		<StartDateTime>Oct 09 20:34 CST</StartDateTime>
		<StartTestTime>1696854883</StartTestTime>
		<TestList/>
		<EndDateTime>Oct 09 20:34 CST</EndDateTime>
		<EndTestTime>1696854883</EndTestTime>
		<ElapsedMinutes>0</ElapsedMinutes>
	</Testing>
</Site>
